2019-07-11 15:52:55 -  - exec CUpdateClientPartner::__CollectRequestData
2019-07-11 15:52:55 -  - exec CUpdateClientPartner::GetHTTPPage
2019-07-11 15:52:56 -  - exec CUpdateClientPartner::ParseServerData
2019-07-11 15:52:56 -  - exec CUpdateClientPartner::GetUpdatesList
2019-07-11 15:52:56 -  - exec CUpdateClientPartner::__CollectRequestData
2019-07-11 15:52:56 -  - utf=Y&lang=ru&stable=Y&CANGZIP=Y&SUPD_DBS=MYSQL&XE=N&CLIENT_SITE=u-travell.universam-online.ru&LICENSE_KEY=X&SUPD_STS=1&SUPD_URS=0&SUPD_URSA=1&TYPENC=E&CLIENT_PHPVER=5.6.14&NGINX=Y&dbv=5.7.24&instm=main%2C18.5.180%2CN%3Bform%2C18.0.0%2CN%3Brest%2C18.5.7%2CN%3Bcatalog%2C18.6.300%2CN%3Bclouds%2C18.0.0%2CN%3Bseo%2C18.6.100%2CN%3Bcompression%2C16.0.0%2CN%3Bblog%2C18.1.0%2CN%3Bui%2C18.5.150%2CN%3Bperfmon%2C18.5.0%2CN%3Bstoreassist%2C18.1.0%2CN%3Bmessageservice%2C18.0.3%2CN%3Bconversion%2C18.5.0%2CN%3Bfileman%2C18.5.400%2CN%3Bsale%2C18.6.175%2CN%3Bpull%2C18.5.100%2CN%3Bscale%2C17.5.0%2CN%3Bb24connector%2C18.5.0%2CN%3Bsearch%2C18.5.200%2CN%3Btranslate%2C18.0.0%2CN%3Bmobileapp%2C18.5.100%2CN%3Biblock%2C18.6.400%2CN%3Blanding%2C18.6.75%2CN%3Bsecurity%2C18.5.1%2CN%3Bsender%2C18.5.3%2CN%3Bforum%2C18.0.5%2CN%3Bsubscribe%2C18.5.0%2CN%3Bbitrixcloud%2C18.5.0%2CN%3Bcurrency%2C18.5.1%2CN%3Bbitrix.eshop%2C18.0.0%2CN%3Breport%2C18.1.1%2CN%3Bhighloadblock%2C18.5.100%2CN%3Bphotogallery%2C18.0.0%2CN%3Bvote%2C17.5.1%2CN%3Bbitrix.sitecorporate%2C15.5.0%2CN%3Bsocialservices%2C18.5.100%2CN%3Babtest%2C17.5.0%2CN&reqm=bitrix.eshop%2Cbitrix.sitecorporate&fullmoduleinfo=Y&SUPD_SRS=RU&SUPD_CMP=N
2019-07-11 15:52:56 -  - exec CUpdateClientPartner::GetHTTPPage
2019-07-11 15:52:56 -  - TIME GetUpdatesList(request) 0.695 sec
2019-07-11 15:52:56 -  - exec CUpdateClientPartner::ParseServerData
2019-07-11 15:53:06 -  - exec CUpdateClientPartner::__CollectRequestData
2019-07-11 15:53:06 -  - exec CUpdateClientPartner::GetHTTPPage
2019-07-11 15:53:06 -  - exec CUpdateClientPartner::ParseServerData
2019-07-18 15:32:56 -  - exec CUpdateClientPartner::__CollectRequestData
2019-07-18 15:32:56 -  - exec CUpdateClientPartner::GetHTTPPage
2019-07-18 15:32:57 -  - exec CUpdateClientPartner::ParseServerData
2019-07-18 15:32:57 -  - exec CUpdateClientPartner::GetUpdatesList
2019-07-18 15:32:57 -  - exec CUpdateClientPartner::__CollectRequestData
2019-07-18 15:32:57 -  - utf=Y&lang=ru&stable=Y&CANGZIP=Y&SUPD_DBS=MYSQL&XE=N&CLIENT_SITE=u-travell.universam-online.ru&LICENSE_KEY=X&SUPD_STS=1&SUPD_URS=0&SUPD_URSA=1&TYPENC=E&CLIENT_PHPVER=5.6.14&NGINX=Y&dbv=5.7.24&instm=main%2C18.5.180%2CN%3Bform%2C18.0.0%2CN%3Brest%2C18.5.7%2CN%3Bcatalog%2C18.6.300%2CN%3Bclouds%2C18.0.0%2CN%3Bseo%2C18.6.100%2CN%3Bcompression%2C16.0.0%2CN%3Bblog%2C18.1.0%2CN%3Bui%2C18.5.150%2CN%3Bperfmon%2C18.5.0%2CN%3Bstoreassist%2C18.1.0%2CN%3Bmessageservice%2C18.0.3%2CN%3Bconversion%2C18.5.0%2CN%3Bfileman%2C18.5.400%2CN%3Bsale%2C18.6.175%2CN%3Bpull%2C18.5.100%2CN%3Bscale%2C17.5.0%2CN%3Bb24connector%2C18.5.0%2CN%3Bsearch%2C18.5.200%2CN%3Btranslate%2C18.0.0%2CN%3Bmobileapp%2C18.5.100%2CN%3Biblock%2C18.6.400%2CN%3Blanding%2C18.6.75%2CN%3Bsecurity%2C18.5.1%2CN%3Bsender%2C18.5.3%2CN%3Bforum%2C18.0.5%2CN%3Bsubscribe%2C18.5.0%2CN%3Bbitrixcloud%2C18.5.0%2CN%3Bcurrency%2C18.5.1%2CN%3Bbitrix.eshop%2C18.0.0%2CN%3Breport%2C18.1.1%2CN%3Bhighloadblock%2C18.5.100%2CN%3Bphotogallery%2C18.0.0%2CN%3Bvote%2C17.5.1%2CN%3Bbitrix.sitecorporate%2C15.5.0%2CN%3Bsocialservices%2C18.5.100%2CN%3Babtest%2C17.5.0%2CN&reqm=bitrix.eshop%2Cbitrix.sitecorporate&fullmoduleinfo=Y&SUPD_SRS=RU&SUPD_CMP=N
2019-07-18 15:32:57 -  - exec CUpdateClientPartner::GetHTTPPage
2019-07-18 15:32:58 -  - TIME GetUpdatesList(request) 1.449 sec
2019-07-18 15:32:58 -  - exec CUpdateClientPartner::ParseServerData
2019-07-18 15:33:09 -  - exec CUpdateClientPartner::__CollectRequestData
2019-07-18 15:33:09 -  - exec CUpdateClientPartner::GetHTTPPage
2019-07-18 15:33:09 -  - exec CUpdateClientPartner::ParseServerData
2019-08-01 14:52:36 -  - exec CUpdateClientPartner::__CollectRequestData
2019-08-01 14:52:36 -  - exec CUpdateClientPartner::GetHTTPPage
2019-08-01 14:52:37 -  - exec CUpdateClientPartner::ParseServerData
2019-08-01 14:52:37 -  - exec CUpdateClientPartner::GetUpdatesList
2019-08-01 14:52:37 -  - exec CUpdateClientPartner::__CollectRequestData
2019-08-01 14:52:37 -  - utf=Y&lang=ru&stable=Y&CANGZIP=Y&SUPD_DBS=MYSQL&XE=N&CLIENT_SITE=u-travell.universam-online.ru&LICENSE_KEY=X&SUPD_STS=1&SUPD_URS=0&SUPD_URSA=1&TYPENC=E&CLIENT_PHPVER=5.6.14&NGINX=Y&dbv=5.7.24&instm=main%2C18.5.180%2CN%3Bform%2C18.0.0%2CN%3Brest%2C18.5.7%2CN%3Bcatalog%2C18.6.300%2CN%3Bclouds%2C18.0.0%2CN%3Bseo%2C18.6.100%2CN%3Bcompression%2C16.0.0%2CN%3Bblog%2C18.1.0%2CN%3Bui%2C18.5.150%2CN%3Bperfmon%2C18.5.0%2CN%3Bstoreassist%2C18.1.0%2CN%3Bmessageservice%2C18.0.3%2CN%3Bconversion%2C18.5.0%2CN%3Bfileman%2C18.5.400%2CN%3Bsale%2C18.6.175%2CN%3Bpull%2C18.5.100%2CN%3Bscale%2C17.5.0%2CN%3Bb24connector%2C18.5.0%2CN%3Bsearch%2C18.5.200%2CN%3Btranslate%2C18.0.0%2CN%3Bmobileapp%2C18.5.100%2CN%3Biblock%2C18.6.400%2CN%3Blanding%2C18.6.75%2CN%3Bsecurity%2C18.5.1%2CN%3Bsender%2C18.5.3%2CN%3Bforum%2C18.0.5%2CN%3Bsubscribe%2C18.5.0%2CN%3Bbitrixcloud%2C18.5.0%2CN%3Bcurrency%2C18.5.1%2CN%3Bbitrix.eshop%2C18.0.0%2CN%3Breport%2C18.1.1%2CN%3Bhighloadblock%2C18.5.100%2CN%3Bphotogallery%2C18.0.0%2CN%3Bvote%2C17.5.1%2CN%3Bbitrix.sitecorporate%2C15.5.0%2CN%3Bsocialservices%2C18.5.100%2CN%3Babtest%2C17.5.0%2CN&reqm=bitrix.eshop%2Cbitrix.sitecorporate&fullmoduleinfo=Y&SUPD_SRS=RU&SUPD_CMP=N
2019-08-01 14:52:37 -  - exec CUpdateClientPartner::GetHTTPPage
2019-08-01 14:52:38 -  - TIME GetUpdatesList(request) 1.303 sec
2019-08-01 14:52:38 -  - exec CUpdateClientPartner::ParseServerData
2019-08-01 14:52:49 -  - exec CUpdateClientPartner::__CollectRequestData
2019-08-01 14:52:49 -  - exec CUpdateClientPartner::GetHTTPPage
2019-08-01 14:52:49 -  - exec CUpdateClientPartner::ParseServerData
2019-08-02 16:00:18 -  - exec CUpdateClientPartner::__CollectRequestData
2019-08-02 16:00:18 -  - exec CUpdateClientPartner::GetHTTPPage
2019-08-02 16:00:19 -  - exec CUpdateClientPartner::ParseServerData
2019-08-02 16:00:19 -  - exec CUpdateClientPartner::GetUpdatesList
2019-08-02 16:00:19 -  - exec CUpdateClientPartner::__CollectRequestData
2019-08-02 16:00:19 -  - utf=Y&lang=ru&stable=Y&CANGZIP=Y&SUPD_DBS=MYSQL&XE=N&CLIENT_SITE=u-travell.universam-online.ru&LICENSE_KEY=X&SUPD_STS=1&SUPD_URS=0&SUPD_URSA=1&TYPENC=E&CLIENT_PHPVER=5.6.14&NGINX=Y&dbv=5.7.24&instm=main%2C18.5.180%2CN%3Bform%2C18.0.0%2CN%3Brest%2C18.5.7%2CN%3Bcatalog%2C18.6.300%2CN%3Bclouds%2C18.0.0%2CN%3Bseo%2C18.6.100%2CN%3Bcompression%2C16.0.0%2CN%3Bblog%2C18.1.0%2CN%3Bui%2C18.5.150%2CN%3Bperfmon%2C18.5.0%2CN%3Bstoreassist%2C18.1.0%2CN%3Bmessageservice%2C18.0.3%2CN%3Bconversion%2C18.5.0%2CN%3Bfileman%2C18.5.400%2CN%3Bsale%2C18.6.175%2CN%3Bpull%2C18.5.100%2CN%3Bscale%2C17.5.0%2CN%3Bb24connector%2C18.5.0%2CN%3Bsearch%2C18.5.200%2CN%3Btranslate%2C18.0.0%2CN%3Bmobileapp%2C18.5.100%2CN%3Biblock%2C18.6.400%2CN%3Blanding%2C18.6.75%2CN%3Bsecurity%2C18.5.1%2CN%3Bsender%2C18.5.3%2CN%3Bforum%2C18.0.5%2CN%3Bsubscribe%2C18.5.0%2CN%3Bbitrixcloud%2C18.5.0%2CN%3Bcurrency%2C18.5.1%2CN%3Bbitrix.eshop%2C18.0.0%2CN%3Breport%2C18.1.1%2CN%3Bhighloadblock%2C18.5.100%2CN%3Bphotogallery%2C18.0.0%2CN%3Bvote%2C17.5.1%2CN%3Bbitrix.sitecorporate%2C15.5.0%2CN%3Bsocialservices%2C18.5.100%2CN%3Babtest%2C17.5.0%2CN&reqm=bitrix.eshop%2Cbitrix.sitecorporate&fullmoduleinfo=Y&SUPD_SRS=RU&SUPD_CMP=N
2019-08-02 16:00:19 -  - exec CUpdateClientPartner::GetHTTPPage
2019-08-02 16:00:19 -  - TIME GetUpdatesList(request) 0.878 sec
2019-08-02 16:00:19 -  - exec CUpdateClientPartner::ParseServerData
2019-08-02 16:00:31 -  - exec CUpdateClientPartner::__CollectRequestData
2019-08-02 16:00:31 -  - exec CUpdateClientPartner::GetHTTPPage
2019-08-02 16:00:31 -  - exec CUpdateClientPartner::ParseServerData
2019-08-02 16:00:31 -  - exec CUpdateClientPartner::__CollectRequestData
2019-08-02 16:00:31 -  - exec CUpdateClientPartner::GetHTTPPage
2019-08-02 16:00:32 -  - exec CUpdateClientPartner::ParseServerData
2019-08-02 16:00:32 -  - exec CUpdateClientPartner::GetUpdatesList
2019-08-02 16:00:32 -  - exec CUpdateClientPartner::__CollectRequestData
2019-08-02 16:00:32 -  - utf=Y&lang=ru&stable=Y&CANGZIP=Y&SUPD_DBS=MYSQL&XE=N&CLIENT_SITE=u-travell.universam-online.ru&LICENSE_KEY=X&SUPD_STS=1&SUPD_URS=0&SUPD_URSA=1&TYPENC=E&CLIENT_PHPVER=5.6.14&NGINX=Y&dbv=5.7.24&instm=main%2C18.5.180%2CN%3Bform%2C18.0.0%2CN%3Brest%2C18.5.7%2CN%3Bcatalog%2C18.6.300%2CN%3Bclouds%2C18.0.0%2CN%3Bseo%2C18.6.100%2CN%3Bcompression%2C16.0.0%2CN%3Bblog%2C18.1.0%2CN%3Bui%2C18.5.150%2CN%3Bperfmon%2C18.5.0%2CN%3Bstoreassist%2C18.1.0%2CN%3Bmessageservice%2C18.0.3%2CN%3Bconversion%2C18.5.0%2CN%3Bfileman%2C18.5.400%2CN%3Bsale%2C18.6.175%2CN%3Bpull%2C18.5.100%2CN%3Bscale%2C17.5.0%2CN%3Bb24connector%2C18.5.0%2CN%3Bsearch%2C18.5.200%2CN%3Btranslate%2C18.0.0%2CN%3Bmobileapp%2C18.5.100%2CN%3Biblock%2C18.6.400%2CN%3Blanding%2C18.6.75%2CN%3Bsecurity%2C18.5.1%2CN%3Bsender%2C18.5.3%2CN%3Bforum%2C18.0.5%2CN%3Bsubscribe%2C18.5.0%2CN%3Bbitrixcloud%2C18.5.0%2CN%3Bcurrency%2C18.5.1%2CN%3Bbitrix.eshop%2C18.0.0%2CN%3Breport%2C18.1.1%2CN%3Bhighloadblock%2C18.5.100%2CN%3Bphotogallery%2C18.0.0%2CN%3Bvote%2C17.5.1%2CN%3Bbitrix.sitecorporate%2C15.5.0%2CN%3Bsocialservices%2C18.5.100%2CN%3Babtest%2C17.5.0%2CN&reqm=bitrix.eshop%2Cbitrix.sitecorporate&fullmoduleinfo=Y&SUPD_SRS=RU&SUPD_CMP=N
2019-08-02 16:00:32 -  - exec CUpdateClientPartner::GetHTTPPage
2019-08-02 16:00:32 -  - TIME GetUpdatesList(request) 0.629 sec
2019-08-02 16:00:32 -  - exec CUpdateClientPartner::ParseServerData
2019-08-02 16:00:43 -  - exec CUpdateClientPartner::__CollectRequestData
2019-08-02 16:00:43 -  - exec CUpdateClientPartner::GetHTTPPage
2019-08-02 16:00:44 -  - exec CUpdateClientPartner::ParseServerData
2019-08-02 16:00:44 -  - exec CUpdateClientPartner::__CollectRequestData
2019-08-02 16:00:44 -  - exec CUpdateClientPartner::GetHTTPPage
2019-08-02 16:00:44 -  - exec CUpdateClientPartner::ParseServerData
2019-08-02 16:00:44 -  - exec CUpdateClientPartner::GetUpdatesList
2019-08-02 16:00:44 -  - exec CUpdateClientPartner::__CollectRequestData
2019-08-02 16:00:44 -  - utf=Y&lang=ru&stable=Y&CANGZIP=Y&SUPD_DBS=MYSQL&XE=N&CLIENT_SITE=u-travell.universam-online.ru&LICENSE_KEY=X&SUPD_STS=1&SUPD_URS=0&SUPD_URSA=1&TYPENC=E&CLIENT_PHPVER=5.6.14&NGINX=Y&dbv=5.7.24&instm=main%2C18.5.180%2CN%3Bform%2C18.0.0%2CN%3Brest%2C18.5.7%2CN%3Bcatalog%2C18.6.300%2CN%3Bclouds%2C18.0.0%2CN%3Bseo%2C18.6.100%2CN%3Bcompression%2C16.0.0%2CN%3Bblog%2C18.1.0%2CN%3Bui%2C18.5.150%2CN%3Bperfmon%2C18.5.0%2CN%3Bstoreassist%2C18.1.0%2CN%3Bmessageservice%2C18.0.3%2CN%3Bconversion%2C18.5.0%2CN%3Bfileman%2C18.5.400%2CN%3Bsale%2C18.6.175%2CN%3Bpull%2C18.5.100%2CN%3Bscale%2C17.5.0%2CN%3Bb24connector%2C18.5.0%2CN%3Bsearch%2C18.5.200%2CN%3Btranslate%2C18.0.0%2CN%3Bmobileapp%2C18.5.100%2CN%3Biblock%2C18.6.400%2CN%3Blanding%2C18.6.75%2CN%3Bsecurity%2C18.5.1%2CN%3Bsender%2C18.5.3%2CN%3Bforum%2C18.0.5%2CN%3Bsubscribe%2C18.5.0%2CN%3Bbitrixcloud%2C18.5.0%2CN%3Bcurrency%2C18.5.1%2CN%3Bbitrix.eshop%2C18.0.0%2CN%3Breport%2C18.1.1%2CN%3Bhighloadblock%2C18.5.100%2CN%3Bphotogallery%2C18.0.0%2CN%3Bvote%2C17.5.1%2CN%3Bbitrix.sitecorporate%2C15.5.0%2CN%3Bsocialservices%2C18.5.100%2CN%3Babtest%2C17.5.0%2CN&reqm=bitrix.eshop%2Cbitrix.sitecorporate&fullmoduleinfo=Y&SUPD_SRS=RU&SUPD_CMP=N
2019-08-02 16:00:44 -  - exec CUpdateClientPartner::GetHTTPPage
2019-08-02 16:00:45 -  - TIME GetUpdatesList(request) 0.502 sec
2019-08-02 16:00:45 -  - exec CUpdateClientPartner::ParseServerData
2019-08-02 16:00:56 -  - exec CUpdateClientPartner::__CollectRequestData
2019-08-02 16:00:56 -  - exec CUpdateClientPartner::GetHTTPPage
2019-08-02 16:00:56 -  - exec CUpdateClientPartner::ParseServerData
2019-08-02 16:00:56 -  - exec CUpdateClientPartner::__CollectRequestData
2019-08-02 16:00:56 -  - exec CUpdateClientPartner::GetHTTPPage
2019-08-02 16:00:57 -  - exec CUpdateClientPartner::ParseServerData
2019-08-02 16:00:57 -  - exec CUpdateClientPartner::GetUpdatesList
2019-08-02 16:00:57 -  - exec CUpdateClientPartner::__CollectRequestData
2019-08-02 16:00:57 -  - utf=Y&lang=ru&stable=Y&CANGZIP=Y&SUPD_DBS=MYSQL&XE=N&CLIENT_SITE=u-travell.universam-online.ru&LICENSE_KEY=X&SUPD_STS=1&SUPD_URS=0&SUPD_URSA=1&TYPENC=E&CLIENT_PHPVER=5.6.14&NGINX=Y&dbv=5.7.24&instm=main%2C18.5.180%2CN%3Bform%2C18.0.0%2CN%3Brest%2C18.5.7%2CN%3Bcatalog%2C18.6.300%2CN%3Bclouds%2C18.0.0%2CN%3Bseo%2C18.6.100%2CN%3Bcompression%2C16.0.0%2CN%3Bblog%2C18.1.0%2CN%3Bui%2C18.5.150%2CN%3Bperfmon%2C18.5.0%2CN%3Bstoreassist%2C18.1.0%2CN%3Bmessageservice%2C18.0.3%2CN%3Bconversion%2C18.5.0%2CN%3Bfileman%2C18.5.400%2CN%3Bsale%2C18.6.175%2CN%3Bpull%2C18.5.100%2CN%3Bscale%2C17.5.0%2CN%3Bb24connector%2C18.5.0%2CN%3Bsearch%2C18.5.200%2CN%3Btranslate%2C18.0.0%2CN%3Bmobileapp%2C18.5.100%2CN%3Biblock%2C18.6.400%2CN%3Blanding%2C18.6.75%2CN%3Bsecurity%2C18.5.1%2CN%3Bsender%2C18.5.3%2CN%3Bforum%2C18.0.5%2CN%3Bsubscribe%2C18.5.0%2CN%3Bbitrixcloud%2C18.5.0%2CN%3Bcurrency%2C18.5.1%2CN%3Bbitrix.eshop%2C18.0.0%2CN%3Breport%2C18.1.1%2CN%3Bhighloadblock%2C18.5.100%2CN%3Bphotogallery%2C18.0.0%2CN%3Bvote%2C17.5.1%2CN%3Bbitrix.sitecorporate%2C15.5.0%2CN%3Bsocialservices%2C18.5.100%2CN%3Babtest%2C17.5.0%2CN&reqm=bitrix.eshop%2Cbitrix.sitecorporate&fullmoduleinfo=Y&SUPD_SRS=RU&SUPD_CMP=N
2019-08-02 16:00:57 -  - exec CUpdateClientPartner::GetHTTPPage
2019-08-02 16:00:57 -  - TIME GetUpdatesList(request) 0.542 sec
2019-08-02 16:00:57 -  - exec CUpdateClientPartner::ParseServerData
2019-08-02 16:01:09 -  - exec CUpdateClientPartner::__CollectRequestData
2019-08-02 16:01:09 -  - exec CUpdateClientPartner::GetHTTPPage
2019-08-02 16:01:09 -  - exec CUpdateClientPartner::ParseServerData
2019-08-02 16:01:09 -  - exec CUpdateClientPartner::__CollectRequestData
2019-08-02 16:01:09 -  - exec CUpdateClientPartner::GetHTTPPage
2019-08-02 16:01:09 -  - exec CUpdateClientPartner::ParseServerData
2019-08-02 16:01:09 -  - exec CUpdateClientPartner::GetUpdatesList
2019-08-02 16:01:09 -  - exec CUpdateClientPartner::__CollectRequestData
2019-08-02 16:01:09 -  - utf=Y&lang=ru&stable=Y&CANGZIP=Y&SUPD_DBS=MYSQL&XE=N&CLIENT_SITE=u-travell.universam-online.ru&LICENSE_KEY=X&SUPD_STS=1&SUPD_URS=0&SUPD_URSA=1&TYPENC=E&CLIENT_PHPVER=5.6.14&NGINX=Y&dbv=5.7.24&instm=main%2C18.5.180%2CN%3Bform%2C18.0.0%2CN%3Brest%2C18.5.7%2CN%3Bcatalog%2C18.6.300%2CN%3Bclouds%2C18.0.0%2CN%3Bseo%2C18.6.100%2CN%3Bcompression%2C16.0.0%2CN%3Bblog%2C18.1.0%2CN%3Bui%2C18.5.150%2CN%3Bperfmon%2C18.5.0%2CN%3Bstoreassist%2C18.1.0%2CN%3Bmessageservice%2C18.0.3%2CN%3Bconversion%2C18.5.0%2CN%3Bfileman%2C18.5.400%2CN%3Bsale%2C18.6.175%2CN%3Bpull%2C18.5.100%2CN%3Bscale%2C17.5.0%2CN%3Bb24connector%2C18.5.0%2CN%3Bsearch%2C18.5.200%2CN%3Btranslate%2C18.0.0%2CN%3Bmobileapp%2C18.5.100%2CN%3Biblock%2C18.6.400%2CN%3Blanding%2C18.6.75%2CN%3Bsecurity%2C18.5.1%2CN%3Bsender%2C18.5.3%2CN%3Bforum%2C18.0.5%2CN%3Bsubscribe%2C18.5.0%2CN%3Bbitrixcloud%2C18.5.0%2CN%3Bcurrency%2C18.5.1%2CN%3Bbitrix.eshop%2C18.0.0%2CN%3Breport%2C18.1.1%2CN%3Bhighloadblock%2C18.5.100%2CN%3Bphotogallery%2C18.0.0%2CN%3Bvote%2C17.5.1%2CN%3Bbitrix.sitecorporate%2C15.5.0%2CN%3Bsocialservices%2C18.5.100%2CN%3Babtest%2C17.5.0%2CN&reqm=bitrix.eshop%2Cbitrix.sitecorporate&fullmoduleinfo=Y&SUPD_SRS=RU&SUPD_CMP=N
2019-08-02 16:01:09 -  - exec CUpdateClientPartner::GetHTTPPage
2019-08-02 16:01:10 -  - TIME GetUpdatesList(request) 0.688 sec
2019-08-02 16:01:10 -  - exec CUpdateClientPartner::ParseServerData
2019-08-02 16:01:21 -  - exec CUpdateClientPartner::__CollectRequestData
2019-08-02 16:01:21 -  - exec CUpdateClientPartner::GetHTTPPage
2019-08-02 16:01:21 -  - exec CUpdateClientPartner::ParseServerData
2020-02-05 12:10:40 -  - exec CUpdateClientPartner::GetUpdatesList
2020-02-05 12:10:40 -  - exec CUpdateClientPartner::__CollectRequestData
2020-02-05 12:10:40 -  - utf=Y&lang=ru&stable=Y&CANGZIP=Y&SUPD_DBS=MYSQL&XE=N&CLIENT_SITE=u-travell.ru&LICENSE_KEY=X&SUPD_STS=1&SUPD_URS=0&SUPD_URSA=67&TYPENC=E&CLIENT_PHPVER=7.1.18&NGINX=Y&dbv=5.7.24&instm=main%2C18.5.180%2CN%3Bform%2C18.0.0%2CN%3Brest%2C18.5.7%2CN%3Bcatalog%2C18.6.300%2CN%3Bclouds%2C18.0.0%2CN%3Bseo%2C18.6.100%2CN%3Bcompression%2C16.0.0%2CN%3Bblog%2C18.1.0%2CN%3Bui%2C18.5.150%2CN%3Bperfmon%2C18.5.0%2CN%3Bstoreassist%2C18.1.0%2CN%3Bmessageservice%2C18.0.3%2CN%3Bconversion%2C18.5.0%2CN%3Bfileman%2C18.5.400%2CN%3Bsale%2C18.6.175%2CN%3Bpull%2C18.5.100%2CN%3Bscale%2C17.5.0%2CN%3Bb24connector%2C18.5.0%2CN%3Bsearch%2C18.5.200%2CN%3Btranslate%2C18.0.0%2CN%3Bmobileapp%2C18.5.100%2CN%3Biblock%2C18.6.400%2CN%3Blanding%2C18.6.75%2CN%3Bsecurity%2C18.5.1%2CN%3Bsender%2C18.5.3%2CN%3Bforum%2C18.0.5%2CN%3Bsubscribe%2C18.5.0%2CN%3Bbitrixcloud%2C18.5.0%2CN%3Bcurrency%2C18.5.1%2CN%3Bbitrix.eshop%2C18.0.0%2CN%3Breport%2C18.1.1%2CN%3Bhighloadblock%2C18.5.100%2CN%3Bphotogallery%2C18.0.0%2CN%3Bvote%2C17.5.1%2CN%3Bbitrix.sitecorporate%2C15.5.0%2CN%3Bsocialservices%2C18.5.100%2CN%3Babtest%2C17.5.0%2CN&reqm=bitrix.eshop%2Cbitrix.sitecorporate&fullmoduleinfo=Y&SUPD_SRS=RU&SUPD_CMP=N
2020-02-05 12:10:40 -  - exec CUpdateClientPartner::GetHTTPPage
2020-02-05 12:10:41 -  - TIME GetUpdatesList(request) 0.582 sec
2020-02-05 12:10:41 -  - exec CUpdateClientPartner::ParseServerData
2020-02-07 11:34:23 -  - exec CUpdateClientPartner::GetUpdatesList
2020-02-07 11:34:23 -  - exec CUpdateClientPartner::__CollectRequestData
2020-02-07 11:34:23 -  - utf=Y&lang=ru&stable=Y&CANGZIP=Y&SUPD_DBS=MYSQL&XE=N&CLIENT_SITE=u-travell.ru&LICENSE_KEY=X&SUPD_STS=1&SUPD_URS=0&SUPD_URSA=67&TYPENC=E&CLIENT_PHPVER=7.1.18&NGINX=Y&dbv=5.7.24&instm=main%2C18.5.180%2CN%3Bform%2C18.0.0%2CN%3Brest%2C18.5.7%2CN%3Baspro.next%2C1.6.3%2CN%3Bcatalog%2C18.6.300%2CN%3Bclouds%2C18.0.0%2CN%3Bseo%2C18.6.100%2CN%3Bcompression%2C16.0.0%2CN%3Bblog%2C18.1.0%2CN%3Bui%2C18.5.150%2CN%3Bperfmon%2C18.5.0%2CN%3Bstoreassist%2C18.1.0%2CN%3Bmessageservice%2C18.0.3%2CN%3Bconversion%2C18.5.0%2CN%3Bfileman%2C18.5.400%2CN%3Bsale%2C18.6.175%2CN%3Bpull%2C18.5.100%2CN%3Bscale%2C17.5.0%2CN%3Bb24connector%2C18.5.0%2CN%3Bsearch%2C18.5.200%2CN%3Btranslate%2C18.0.0%2CN%3Bmobileapp%2C18.5.100%2CN%3Biblock%2C18.6.400%2CN%3Blanding%2C18.6.75%2CN%3Bsecurity%2C18.5.1%2CN%3Bsender%2C18.5.3%2CN%3Bforum%2C18.0.5%2CN%3Bsubscribe%2C18.5.0%2CN%3Bbitrixcloud%2C18.5.0%2CN%3Bcurrency%2C18.5.1%2CN%3Bbitrix.eshop%2C18.0.0%2CN%3Breport%2C18.1.1%2CN%3Bhighloadblock%2C18.5.100%2CN%3Bphotogallery%2C18.0.0%2CN%3Bvote%2C17.5.1%2CN%3Bbitrix.sitecorporate%2C15.5.0%2CN%3Bsocialservices%2C18.5.100%2CN%3Babtest%2C17.5.0%2CN&reqm=aspro.next%2Cbitrix.eshop%2Cbitrix.sitecorporate&fullmoduleinfo=Y&SUPD_SRS=RU&SUPD_CMP=N
2020-02-07 11:34:23 -  - exec CUpdateClientPartner::GetHTTPPage
2020-02-07 11:34:24 -  - TIME GetUpdatesList(request) 0.49 sec
2020-02-07 11:34:24 -  - exec CUpdateClientPartner::ParseServerData
2020-02-11 05:59:19 -  - exec CUpdateClientPartner::GetUpdatesList
2020-02-11 05:59:19 -  - exec CUpdateClientPartner::__CollectRequestData
2020-02-11 05:59:19 -  - utf=Y&lang=ru&stable=Y&CANGZIP=Y&SUPD_DBS=MYSQL&XE=N&CLIENT_SITE=u-travell.ru&LICENSE_KEY=X&SUPD_STS=1&SUPD_URS=0&SUPD_URSA=67&TYPENC=E&CLIENT_PHPVER=7.1.18&NGINX=Y&dbv=5.7.24&instm=main%2C18.5.180%2CN%3Bform%2C18.0.0%2CN%3Brest%2C18.5.7%2CN%3Bcatalog%2C18.6.300%2CN%3Bclouds%2C18.0.0%2CN%3Bseo%2C18.6.100%2CN%3Bcompression%2C16.0.0%2CN%3Bblog%2C18.1.0%2CN%3Bui%2C18.5.150%2CN%3Bperfmon%2C18.5.0%2CN%3Bstoreassist%2C18.1.0%2CN%3Bmessageservice%2C18.0.3%2CN%3Bconversion%2C18.5.0%2CN%3Bfileman%2C18.5.400%2CN%3Bsale%2C18.6.175%2CN%3Bpull%2C18.5.100%2CN%3Bscale%2C17.5.0%2CN%3Bb24connector%2C18.5.0%2CN%3Bsearch%2C18.5.200%2CN%3Btranslate%2C18.0.0%2CN%3Bmobileapp%2C18.5.100%2CN%3Biblock%2C18.6.400%2CN%3Blanding%2C18.6.75%2CN%3Bsecurity%2C18.5.1%2CN%3Bsender%2C18.5.3%2CN%3Bforum%2C18.0.5%2CN%3Bsubscribe%2C18.5.0%2CN%3Bbitrixcloud%2C18.5.0%2CN%3Bcurrency%2C18.5.1%2CN%3Bbitrix.eshop%2C18.0.0%2CN%3Breport%2C18.1.1%2CN%3Bhighloadblock%2C18.5.100%2CN%3Bphotogallery%2C18.0.0%2CN%3Bvote%2C17.5.1%2CN%3Bbitrix.sitecorporate%2C15.5.0%2CN%3Bsocialservices%2C18.5.100%2CN%3Babtest%2C17.5.0%2CN&reqm=bitrix.eshop%2Cbitrix.sitecorporate%2Cstar.owlcarousel&SUPD_SRS=RU&SUPD_CMP=N
2020-02-11 05:59:19 -  - exec CUpdateClientPartner::GetHTTPPage
2020-02-11 05:59:20 -  - TIME GetUpdatesList(request) 0.676 sec
2020-02-11 05:59:20 -  - exec CUpdateClientPartner::ParseServerData
2020-02-11 05:59:37 -  - exec CUpdateClientPartner::LoadModulesUpdates
2020-02-11 05:59:37 -  - exec CUpdateClientPartner::__CollectRequestData
2020-02-11 05:59:37 -  - utf=Y&lang=ru&stable=Y&CANGZIP=Y&SUPD_DBS=MYSQL&XE=N&CLIENT_SITE=u-travell.ru&LICENSE_KEY=X&SUPD_STS=1&SUPD_URS=0&SUPD_URSA=67&TYPENC=E&CLIENT_PHPVER=7.1.18&NGINX=Y&dbv=5.7.24&instm=main%2C18.5.180%2CN%3Bform%2C18.0.0%2CN%3Brest%2C18.5.7%2CN%3Bcatalog%2C18.6.300%2CN%3Bclouds%2C18.0.0%2CN%3Bseo%2C18.6.100%2CN%3Bcompression%2C16.0.0%2CN%3Bblog%2C18.1.0%2CN%3Bui%2C18.5.150%2CN%3Bperfmon%2C18.5.0%2CN%3Bstoreassist%2C18.1.0%2CN%3Bmessageservice%2C18.0.3%2CN%3Bconversion%2C18.5.0%2CN%3Bfileman%2C18.5.400%2CN%3Bsale%2C18.6.175%2CN%3Bpull%2C18.5.100%2CN%3Bscale%2C17.5.0%2CN%3Bb24connector%2C18.5.0%2CN%3Bsearch%2C18.5.200%2CN%3Btranslate%2C18.0.0%2CN%3Bmobileapp%2C18.5.100%2CN%3Biblock%2C18.6.400%2CN%3Blanding%2C18.6.75%2CN%3Bsecurity%2C18.5.1%2CN%3Bsender%2C18.5.3%2CN%3Bforum%2C18.0.5%2CN%3Bsubscribe%2C18.5.0%2CN%3Bbitrixcloud%2C18.5.0%2CN%3Bcurrency%2C18.5.1%2CN%3Bbitrix.eshop%2C18.0.0%2CN%3Breport%2C18.1.1%2CN%3Bhighloadblock%2C18.5.100%2CN%3Bphotogallery%2C18.0.0%2CN%3Bvote%2C17.5.1%2CN%3Bbitrix.sitecorporate%2C15.5.0%2CN%3Bsocialservices%2C18.5.100%2CN%3Babtest%2C17.5.0%2CN&reqm=star.owlcarousel&lim=Y&SUPD_SRS=RU&SUPD_CMP=N
2020-02-11 05:59:37 -  - exec CUpdateClientPartner::GetHTTPPage
2020-02-11 05:59:37 -  - TIME LoadModulesUpdates(request) 0.215 sec
2020-02-11 05:59:37 -  - exec CUpdateClientPartner::ParseServerData
2020-02-11 05:59:37 - S - STEP
2020-02-11 05:59:37 - LMU01 - LoadModulesUpdates-Step
2020-02-11 05:59:37 -  - exec CUpdateClientPartner::LoadModulesUpdates
2020-02-11 05:59:37 -  - exec CUpdateClientPartner::ParseServerData
2020-02-11 05:59:37 -  - loadFile
2020-02-11 05:59:38 - U - RETURN
2020-02-11 05:59:38 -  - exec CUpdateClientPartner::UnGzipArchive
2020-02-11 05:59:38 -  - TIME UnGzipArchive 0.005 sec
2020-02-11 05:59:38 -  - TIME UpdateStepModules 0.008 sec
2020-02-11 05:59:38 - UPD_SUCCESS - Updated: star.owlcarousel
2020-02-11 05:59:38 -  - exec CUpdateClientPartner::LoadModulesUpdates
2020-02-11 05:59:38 -  - exec CUpdateClientPartner::__CollectRequestData
2020-02-11 05:59:38 -  - utf=Y&lang=ru&stable=Y&CANGZIP=Y&SUPD_DBS=MYSQL&XE=N&CLIENT_SITE=u-travell.ru&LICENSE_KEY=X&SUPD_STS=1&SUPD_URS=0&SUPD_URSA=67&TYPENC=E&CLIENT_PHPVER=7.1.18&NGINX=Y&dbv=5.7.24&instm=main%2C18.5.180%2CN%3Bform%2C18.0.0%2CN%3Brest%2C18.5.7%2CN%3Bcatalog%2C18.6.300%2CN%3Bclouds%2C18.0.0%2CN%3Bseo%2C18.6.100%2CN%3Bcompression%2C16.0.0%2CN%3Bblog%2C18.1.0%2CN%3Bui%2C18.5.150%2CN%3Bperfmon%2C18.5.0%2CN%3Bstoreassist%2C18.1.0%2CN%3Bmessageservice%2C18.0.3%2CN%3Bstar.owlcarousel%2C1.0.0%2CN%3Bconversion%2C18.5.0%2CN%3Bfileman%2C18.5.400%2CN%3Bsale%2C18.6.175%2CN%3Bpull%2C18.5.100%2CN%3Bscale%2C17.5.0%2CN%3Bb24connector%2C18.5.0%2CN%3Bsearch%2C18.5.200%2CN%3Btranslate%2C18.0.0%2CN%3Bmobileapp%2C18.5.100%2CN%3Biblock%2C18.6.400%2CN%3Blanding%2C18.6.75%2CN%3Bsecurity%2C18.5.1%2CN%3Bsender%2C18.5.3%2CN%3Bforum%2C18.0.5%2CN%3Bsubscribe%2C18.5.0%2CN%3Bbitrixcloud%2C18.5.0%2CN%3Bcurrency%2C18.5.1%2CN%3Bbitrix.eshop%2C18.0.0%2CN%3Breport%2C18.1.1%2CN%3Bhighloadblock%2C18.5.100%2CN%3Bphotogallery%2C18.0.0%2CN%3Bvote%2C17.5.1%2CN%3Bbitrix.sitecorporate%2C15.5.0%2CN%3Bsocialservices%2C18.5.100%2CN%3Babtest%2C17.5.0%2CN&reqm=star.owlcarousel&lim=Y&SUPD_SRS=RU&SUPD_CMP=N
2020-02-11 05:59:38 -  - exec CUpdateClientPartner::GetHTTPPage
2020-02-11 05:59:38 -  - TIME LoadModulesUpdates(request) 0.222 sec
2020-02-11 05:59:38 -  - exec CUpdateClientPartner::ParseServerData
2020-02-11 05:59:38 - S - STEP
2020-02-11 05:59:38 - LMU01 - LoadModulesUpdates-Step
2020-02-11 05:59:38 -  - exec CUpdateClientPartner::LoadModulesUpdates
2020-02-11 05:59:38 -  - exec CUpdateClientPartner::ParseServerData
2020-02-11 05:59:38 -  - loadFile
2020-02-11 05:59:38 - U - RETURN
2020-02-11 05:59:38 -  - exec CUpdateClientPartner::UnGzipArchive
2020-02-11 05:59:38 -  - TIME UnGzipArchive 0.001 sec
2020-02-11 05:59:38 -  - TIME UpdateStepModules 0.003 sec
2020-02-11 05:59:38 - UPD_SUCCESS - Updated: star.owlcarousel (1.0.1)<br>Исправлена ошибка с отображением нескольких каруселей на одной странице
2020-02-11 05:59:38 -  - exec CUpdateClientPartner::LoadModulesUpdates
2020-02-11 05:59:38 -  - exec CUpdateClientPartner::__CollectRequestData
2020-02-11 05:59:38 -  - utf=Y&lang=ru&stable=Y&CANGZIP=Y&SUPD_DBS=MYSQL&XE=N&CLIENT_SITE=u-travell.ru&LICENSE_KEY=X&SUPD_STS=1&SUPD_URS=0&SUPD_URSA=67&TYPENC=E&CLIENT_PHPVER=7.1.18&NGINX=Y&dbv=5.7.24&instm=main%2C18.5.180%2CN%3Bform%2C18.0.0%2CN%3Brest%2C18.5.7%2CN%3Bcatalog%2C18.6.300%2CN%3Bclouds%2C18.0.0%2CN%3Bseo%2C18.6.100%2CN%3Bcompression%2C16.0.0%2CN%3Bblog%2C18.1.0%2CN%3Bui%2C18.5.150%2CN%3Bperfmon%2C18.5.0%2CN%3Bstoreassist%2C18.1.0%2CN%3Bmessageservice%2C18.0.3%2CN%3Bstar.owlcarousel%2C1.0.1%2CN%3Bconversion%2C18.5.0%2CN%3Bfileman%2C18.5.400%2CN%3Bsale%2C18.6.175%2CN%3Bpull%2C18.5.100%2CN%3Bscale%2C17.5.0%2CN%3Bb24connector%2C18.5.0%2CN%3Bsearch%2C18.5.200%2CN%3Btranslate%2C18.0.0%2CN%3Bmobileapp%2C18.5.100%2CN%3Biblock%2C18.6.400%2CN%3Blanding%2C18.6.75%2CN%3Bsecurity%2C18.5.1%2CN%3Bsender%2C18.5.3%2CN%3Bforum%2C18.0.5%2CN%3Bsubscribe%2C18.5.0%2CN%3Bbitrixcloud%2C18.5.0%2CN%3Bcurrency%2C18.5.1%2CN%3Bbitrix.eshop%2C18.0.0%2CN%3Breport%2C18.1.1%2CN%3Bhighloadblock%2C18.5.100%2CN%3Bphotogallery%2C18.0.0%2CN%3Bvote%2C17.5.1%2CN%3Bbitrix.sitecorporate%2C15.5.0%2CN%3Bsocialservices%2C18.5.100%2CN%3Babtest%2C17.5.0%2CN&reqm=star.owlcarousel&lim=Y&SUPD_SRS=RU&SUPD_CMP=N
2020-02-11 05:59:38 -  - exec CUpdateClientPartner::GetHTTPPage
2020-02-11 05:59:39 -  - TIME LoadModulesUpdates(request) 0.222 sec
2020-02-11 05:59:39 -  - exec CUpdateClientPartner::ParseServerData
2020-02-11 05:59:39 - STEP - Finish - NOUPDATES
2020-02-11 05:59:39 - STEP - Finish - NOUPDATES
2020-02-11 05:59:41 -  - exec CUpdateClientPartner::GetUpdatesList
2020-02-11 05:59:41 -  - exec CUpdateClientPartner::__CollectRequestData
2020-02-11 05:59:41 -  - utf=Y&lang=ru&stable=Y&CANGZIP=Y&SUPD_DBS=MYSQL&XE=N&CLIENT_SITE=u-travell.ru&LICENSE_KEY=X&SUPD_STS=1&SUPD_URS=0&SUPD_URSA=67&TYPENC=E&CLIENT_PHPVER=7.1.18&NGINX=Y&dbv=5.7.24&instm=main%2C18.5.180%2CN%3Bform%2C18.0.0%2CN%3Brest%2C18.5.7%2CN%3Bcatalog%2C18.6.300%2CN%3Bclouds%2C18.0.0%2CN%3Bseo%2C18.6.100%2CN%3Bcompression%2C16.0.0%2CN%3Bblog%2C18.1.0%2CN%3Bui%2C18.5.150%2CN%3Bperfmon%2C18.5.0%2CN%3Bstoreassist%2C18.1.0%2CN%3Bmessageservice%2C18.0.3%2CN%3Bstar.owlcarousel%2C1.0.1%2CN%3Bconversion%2C18.5.0%2CN%3Bfileman%2C18.5.400%2CN%3Bsale%2C18.6.175%2CN%3Bpull%2C18.5.100%2CN%3Bscale%2C17.5.0%2CN%3Bb24connector%2C18.5.0%2CN%3Bsearch%2C18.5.200%2CN%3Btranslate%2C18.0.0%2CN%3Bmobileapp%2C18.5.100%2CN%3Biblock%2C18.6.400%2CN%3Blanding%2C18.6.75%2CN%3Bsecurity%2C18.5.1%2CN%3Bsender%2C18.5.3%2CN%3Bforum%2C18.0.5%2CN%3Bsubscribe%2C18.5.0%2CN%3Bbitrixcloud%2C18.5.0%2CN%3Bcurrency%2C18.5.1%2CN%3Bbitrix.eshop%2C18.0.0%2CN%3Breport%2C18.1.1%2CN%3Bhighloadblock%2C18.5.100%2CN%3Bphotogallery%2C18.0.0%2CN%3Bvote%2C17.5.1%2CN%3Bbitrix.sitecorporate%2C15.5.0%2CN%3Bsocialservices%2C18.5.100%2CN%3Babtest%2C17.5.0%2CN&reqm=star.owlcarousel%2Cbitrix.eshop%2Cbitrix.sitecorporate&fullmoduleinfo=Y&SUPD_SRS=RU&SUPD_CMP=N
2020-02-11 05:59:41 -  - exec CUpdateClientPartner::GetHTTPPage
2020-02-11 05:59:41 -  - TIME GetUpdatesList(request) 0.458 sec
2020-02-11 05:59:41 -  - exec CUpdateClientPartner::ParseServerData
2020-02-11 05:59:51 -  - exec CUpdateClientPartner::GetUpdatesList
2020-02-11 05:59:51 -  - exec CUpdateClientPartner::__CollectRequestData
2020-02-11 05:59:51 -  - utf=Y&lang=ru&stable=Y&CANGZIP=Y&SUPD_DBS=MYSQL&XE=N&CLIENT_SITE=u-travell.ru&LICENSE_KEY=X&SUPD_STS=1&SUPD_URS=0&SUPD_URSA=67&TYPENC=E&CLIENT_PHPVER=7.1.18&NGINX=Y&dbv=5.7.24&instm=main%2C18.5.180%2CN%3Bform%2C18.0.0%2CN%3Brest%2C18.5.7%2CN%3Bcatalog%2C18.6.300%2CN%3Bclouds%2C18.0.0%2CN%3Bseo%2C18.6.100%2CN%3Bcompression%2C16.0.0%2CN%3Bblog%2C18.1.0%2CN%3Bui%2C18.5.150%2CN%3Bperfmon%2C18.5.0%2CN%3Bstoreassist%2C18.1.0%2CN%3Bmessageservice%2C18.0.3%2CN%3Bstar.owlcarousel%2C1.0.1%2CN%3Bconversion%2C18.5.0%2CN%3Bfileman%2C18.5.400%2CN%3Bsale%2C18.6.175%2CN%3Bpull%2C18.5.100%2CN%3Bscale%2C17.5.0%2CN%3Bb24connector%2C18.5.0%2CN%3Bsearch%2C18.5.200%2CN%3Btranslate%2C18.0.0%2CN%3Bmobileapp%2C18.5.100%2CN%3Biblock%2C18.6.400%2CN%3Blanding%2C18.6.75%2CN%3Bsecurity%2C18.5.1%2CN%3Bsender%2C18.5.3%2CN%3Bforum%2C18.0.5%2CN%3Bsubscribe%2C18.5.0%2CN%3Bbitrixcloud%2C18.5.0%2CN%3Bcurrency%2C18.5.1%2CN%3Bbitrix.eshop%2C18.0.0%2CN%3Breport%2C18.1.1%2CN%3Bhighloadblock%2C18.5.100%2CN%3Bphotogallery%2C18.0.0%2CN%3Bvote%2C17.5.1%2CN%3Bbitrix.sitecorporate%2C15.5.0%2CN%3Bsocialservices%2C18.5.100%2CN%3Babtest%2C17.5.0%2CN&reqm=star.owlcarousel%2Cbitrix.eshop%2Cbitrix.sitecorporate&fullmoduleinfo=Y&SUPD_SRS=RU&SUPD_CMP=N
2020-02-11 05:59:51 -  - exec CUpdateClientPartner::GetHTTPPage
2020-02-11 05:59:51 -  - TIME GetUpdatesList(request) 0.408 sec
2020-02-11 05:59:51 -  - exec CUpdateClientPartner::ParseServerData
2020-02-11 06:00:18 -  - exec CUpdateClientPartner::GetUpdatesList
2020-02-11 06:00:18 -  - exec CUpdateClientPartner::__CollectRequestData
2020-02-11 06:00:18 -  - utf=Y&lang=ru&stable=Y&CANGZIP=Y&SUPD_DBS=MYSQL&XE=N&CLIENT_SITE=u-travell.ru&LICENSE_KEY=X&SUPD_STS=1&SUPD_URS=0&SUPD_URSA=67&TYPENC=E&CLIENT_PHPVER=7.1.18&NGINX=Y&dbv=5.7.24&instm=main%2C18.5.180%2CN%3Bform%2C18.0.0%2CN%3Brest%2C18.5.7%2CN%3Bcatalog%2C18.6.300%2CN%3Bclouds%2C18.0.0%2CN%3Bseo%2C18.6.100%2CN%3Bcompression%2C16.0.0%2CN%3Bblog%2C18.1.0%2CN%3Bui%2C18.5.150%2CN%3Bperfmon%2C18.5.0%2CN%3Bstoreassist%2C18.1.0%2CN%3Bmessageservice%2C18.0.3%2CN%3Bstar.owlcarousel%2C1.0.1%2CN%3Bconversion%2C18.5.0%2CN%3Bfileman%2C18.5.400%2CN%3Bsale%2C18.6.175%2CN%3Bpull%2C18.5.100%2CN%3Bscale%2C17.5.0%2CN%3Bb24connector%2C18.5.0%2CN%3Bsearch%2C18.5.200%2CN%3Btranslate%2C18.0.0%2CN%3Bmobileapp%2C18.5.100%2CN%3Biblock%2C18.6.400%2CN%3Blanding%2C18.6.75%2CN%3Bsecurity%2C18.5.1%2CN%3Bsender%2C18.5.3%2CN%3Bforum%2C18.0.5%2CN%3Bsubscribe%2C18.5.0%2CN%3Bbitrixcloud%2C18.5.0%2CN%3Bcurrency%2C18.5.1%2CN%3Bbitrix.eshop%2C18.0.0%2CN%3Breport%2C18.1.1%2CN%3Bhighloadblock%2C18.5.100%2CN%3Bphotogallery%2C18.0.0%2CN%3Bvote%2C17.5.1%2CN%3Bbitrix.sitecorporate%2C15.5.0%2CN%3Bsocialservices%2C18.5.100%2CN%3Babtest%2C17.5.0%2CN&reqm=star.owlcarousel%2Cbitrix.eshop%2Cbitrix.sitecorporate&fullmoduleinfo=Y&SUPD_SRS=RU&SUPD_CMP=N
2020-02-11 06:00:18 -  - exec CUpdateClientPartner::GetHTTPPage
2020-02-11 06:00:18 -  - TIME GetUpdatesList(request) 0.407 sec
2020-02-11 06:00:18 -  - exec CUpdateClientPartner::ParseServerData
2020-02-11 06:00:27 -  - exec CUpdateClientPartner::GetUpdatesList
2020-02-11 06:00:27 -  - exec CUpdateClientPartner::__CollectRequestData
2020-02-11 06:00:27 -  - utf=Y&lang=ru&stable=Y&CANGZIP=Y&SUPD_DBS=MYSQL&XE=N&CLIENT_SITE=u-travell.ru&LICENSE_KEY=X&SUPD_STS=1&SUPD_URS=0&SUPD_URSA=67&TYPENC=E&CLIENT_PHPVER=7.1.18&NGINX=Y&dbv=5.7.24&instm=main%2C18.5.180%2CN%3Bform%2C18.0.0%2CN%3Brest%2C18.5.7%2CN%3Bcatalog%2C18.6.300%2CN%3Bclouds%2C18.0.0%2CN%3Bseo%2C18.6.100%2CN%3Bcompression%2C16.0.0%2CN%3Bblog%2C18.1.0%2CN%3Bui%2C18.5.150%2CN%3Bperfmon%2C18.5.0%2CN%3Bstoreassist%2C18.1.0%2CN%3Bmessageservice%2C18.0.3%2CN%3Bstar.owlcarousel%2C1.0.1%2CN%3Bconversion%2C18.5.0%2CN%3Bfileman%2C18.5.400%2CN%3Bsale%2C18.6.175%2CN%3Bpull%2C18.5.100%2CN%3Bscale%2C17.5.0%2CN%3Bb24connector%2C18.5.0%2CN%3Bsearch%2C18.5.200%2CN%3Btranslate%2C18.0.0%2CN%3Bmobileapp%2C18.5.100%2CN%3Biblock%2C18.6.400%2CN%3Blanding%2C18.6.75%2CN%3Bsecurity%2C18.5.1%2CN%3Bsender%2C18.5.3%2CN%3Bforum%2C18.0.5%2CN%3Bsubscribe%2C18.5.0%2CN%3Bbitrixcloud%2C18.5.0%2CN%3Bcurrency%2C18.5.1%2CN%3Bbitrix.eshop%2C18.0.0%2CN%3Breport%2C18.1.1%2CN%3Bhighloadblock%2C18.5.100%2CN%3Bphotogallery%2C18.0.0%2CN%3Bvote%2C17.5.1%2CN%3Bbitrix.sitecorporate%2C15.5.0%2CN%3Bsocialservices%2C18.5.100%2CN%3Babtest%2C17.5.0%2CN&reqm=star.owlcarousel%2Cbitrix.eshop%2Cbitrix.sitecorporate&fullmoduleinfo=Y&SUPD_SRS=RU&SUPD_CMP=N
2020-02-11 06:00:27 -  - exec CUpdateClientPartner::GetHTTPPage
2020-02-11 06:00:28 -  - TIME GetUpdatesList(request) 0.41 sec
2020-02-11 06:00:28 -  - exec CUpdateClientPartner::ParseServerData
